Using pre-set license
Built from '2020.3/staging' branch; Version is '2020.3.22f1 (e1a7f79fd887) revision 14788599'; Using compiler version '192528614'; Build Type 'Release'
OS: 'Windows 10 Pro; OS build 19043.1348; Version 2009; 64bit' Language: 'en' Physical Memory: 16333 MB
BatchMode: 1, IsHumanControllingUs: 0, StartBugReporterOnCrash: 0, Is64bit: 1, IsPro: 0

COMMAND LINE ARGUMENTS:
C:\Program Files\Unity\Hub\Editor\2020.3.22f1\Editor\Unity.exe
-adb2
-batchMode
-noUpm
-name
AssetImportWorker0
-projectPath
C:/Users/Stefa/Code/guys-with-stuff
-logFile
Logs/AssetImportWorker0.log
-srvPort
52702
Successfully changed project path to: C:/Users/Stefa/Code/guys-with-stuff
C:/Users/Stefa/Code/guys-with-stuff
Using Asset Import Pipeline V2.
Refreshing native plugins compatible for Editor in 44.52 ms, found 3 plugins.
Preloading 0 native plugins for Editor in 0.00 ms.
Initialize engine version: 2020.3.22f1 (e1a7f79fd887)
[Subsystems] Discovering subsystems at path C:/Program Files/Unity/Hub/Editor/2020.3.22f1/Editor/Data/Resources/UnitySubsystems
[Subsystems] Discovering subsystems at path C:/Users/Stefa/Code/guys-with-stuff/Assets
GfxDevice: creating device client; threaded=0
Direct3D:
    Version:  Direct3D 11.0 [level 11.1]
    Renderer: NVIDIA GeForce GTX 1660 Ti (ID=0x2182)
    Vendor:   
    VRAM:     5991 MB
    Driver:   27.21.14.6627
Initialize mono
Mono path[0] = 'C:/Program Files/Unity/Hub/Editor/2020.3.22f1/Editor/Data/Managed'
Mono path[1] = 'C:/Program Files/Unity/Hub/Editor/2020.3.22f1/Editor/Data/MonoBleedingEdge/lib/mono/unityjit'
Mono config path = 'C:/Program Files/Unity/Hub/Editor/2020.3.22f1/Editor/Data/MonoBleedingEdge/etc'
Using monoOptions --debugger-agent=transport=dt_socket,embedding=1,server=y,suspend=n,address=127.0.0.1:56004
Begin MonoManager ReloadAssembly
Registering precompiled unity dll's ...
Register platform support module: C:/Program Files/Unity/Hub/Editor/2020.3.22f1/Editor/Data/PlaybackEngines/WindowsStandaloneSupport/UnityEditor.WindowsStandalone.Extensions.dll
Registered in 0.002315 seconds.
Native extension for WindowsStandalone target not found
Refreshing native plugins compatible for Editor in 45.92 ms, found 3 plugins.
Preloading 0 native plugins for Editor in 0.00 ms.
Mono: successfully reloaded assembly
- Completed reload, in  2.379 seconds
Domain Reload Profiling:
	ReloadAssembly (2379ms)
		BeginReloadAssembly (56ms)
			ExecutionOrderSort (0ms)
			DisableScriptedObjects (0ms)
			BackupInstance (0ms)
			ReleaseScriptingObjects (0ms)
			CreateAndSetChildDomain (1ms)
		EndReloadAssembly (464ms)
			LoadAssemblies (53ms)
			RebuildTransferFunctionScriptingTraits (0ms)
			SetupTypeCache (150ms)
			ReleaseScriptCaches (0ms)
			RebuildScriptCaches (33ms)
			SetupLoadedEditorAssemblies (177ms)
				LogAssemblyErrors (0ms)
				InitializePlatformSupportModulesInManaged (4ms)
				SetLoadedEditorAssemblies (0ms)
				RefreshPlugins (46ms)
				BeforeProcessingInitializeOnLoad (19ms)
				ProcessInitializeOnLoadAttributes (81ms)
				ProcessInitializeOnLoadMethodAttributes (27ms)
				AfterProcessingInitializeOnLoad (0ms)
				EditorAssembliesLoaded (0ms)
			ExecutionOrderSort2 (0ms)
			AwakeInstancesAfterBackupRestoration (0ms)
Platform modules already initialized, skipping
Registering precompiled user dll's ...
Registered in 0.005679 seconds.
Begin MonoManager ReloadAssembly
Native extension for WindowsStandalone target not found
Refreshing native plugins compatible for Editor in 42.64 ms, found 3 plugins.
Preloading 0 native plugins for Editor in 0.00 ms.
Mono: successfully reloaded assembly
- Completed reload, in  1.131 seconds
Domain Reload Profiling:
	ReloadAssembly (1132ms)
		BeginReloadAssembly (146ms)
			ExecutionOrderSort (0ms)
			DisableScriptedObjects (5ms)
			BackupInstance (0ms)
			ReleaseScriptingObjects (0ms)
			CreateAndSetChildDomain (18ms)
		EndReloadAssembly (916ms)
			LoadAssemblies (94ms)
			RebuildTransferFunctionScriptingTraits (0ms)
			SetupTypeCache (294ms)
			ReleaseScriptCaches (1ms)
			RebuildScriptCaches (44ms)
			SetupLoadedEditorAssemblies (359ms)
				LogAssemblyErrors (0ms)
				InitializePlatformSupportModulesInManaged (4ms)
				SetLoadedEditorAssemblies (0ms)
				RefreshPlugins (43ms)
				BeforeProcessingInitializeOnLoad (83ms)
				ProcessInitializeOnLoadAttributes (204ms)
				ProcessInitializeOnLoadMethodAttributes (16ms)
				AfterProcessingInitializeOnLoad (9ms)
				EditorAssembliesLoaded (0ms)
			ExecutionOrderSort2 (0ms)
			AwakeInstancesAfterBackupRestoration (8ms)
Platform modules already initialized, skipping
========================================================================
Worker process is ready to serve import requests
Launched and connected shader compiler UnityShaderCompiler.exe after 0.07 seconds
Refreshing native plugins compatible for Editor in 0.49 ms, found 3 plugins.
Preloading 0 native plugins for Editor in 0.00 ms.
Unloading 2184 Unused Serialized files (Serialized files now loaded: 0)
System memory in use before: 95.5 MB.
System memory in use after: 95.6 MB.

Unloading 28 unused Assets to reduce memory usage. Loaded Objects now: 2617.
Total: 3.273700 ms (FindLiveObjects: 0.210800 ms CreateObjectMapping: 0.047200 ms MarkObjects: 2.948600 ms  DeleteObjects: 0.065700 ms)

AssetImportParameters requested are different than current active one (requested -> active):
  custom:framework-win-MediaFoundation: 216162199b28c13a410421893ffa2e32 -> 
  custom:video-decoder-ogg-theora: a1e56fd34408186e4bbccfd4996cb3dc -> 
  custom:container-muxer-webm: aa71ff27fc2769a1b78a27578f13a17b -> 
  custom:container-demuxer-webm: 4f35f7cbe854078d1ac9338744f61a02 -> 
  custom:container-demuxer-ogg: 62fdf1f143b41e24485cea50d1cbac27 -> 
  custom:video-encoder-webm-vp8: eb34c28f22e8b96e1ab97ce403110664 -> 
  custom:video-decoder-webm-vp8: 9c59270c3fd7afecdb556c50c9e8de78 -> 
  custom:audio-decoder-ogg-vorbis: bf7c407c2cedff20999df2af8eb42d56 -> 
  custom:audio-encoder-webm-vorbis: bf7c407c2cedff20999df2af8eb42d56 -> 
========================================================================
Received Import Request.
  path: Assets/Artwork/Atlas/All_directions4.png
  artifactKey: Guid(10b89ea9ff91831498ab5d8c9e6dd06f) Importer(815301076,1909f56bfc062723c751e8b465ee728b)
Start importing Assets/Artwork/Atlas/All_directions4.png using Guid(10b89ea9ff91831498ab5d8c9e6dd06f) Importer(815301076,1909f56bfc062723c751e8b465ee728b)  -> (artifact id: 'ada2ca44f3f5e596faacbfb3ca12a829') in 0.097624 seconds 
  Import took 0.100681 seconds .

========================================================================
Received Import Request.
  Time since last request: 17.476737 seconds.
  path: Assets/Artwork/Atlas/All_directions7.png
  artifactKey: Guid(73e178f0b63f80840b30c07c194fe93c) Importer(815301076,1909f56bfc062723c751e8b465ee728b)
Start importing Assets/Artwork/Atlas/All_directions7.png using Guid(73e178f0b63f80840b30c07c194fe93c) Importer(815301076,1909f56bfc062723c751e8b465ee728b)  -> (artifact id: 'cc4df08f38b4cf8e26127622bc6afdfd') in 0.014617 seconds 
  Import took 0.018135 seconds .

========================================================================
Received Import Request.
  Time since last request: 2.472281 seconds.
  path: Assets/Artwork/Atlas/All_directions6.png
  artifactKey: Guid(82fc6f8d5406a5a40aa96a88828b7ed5) Importer(815301076,1909f56bfc062723c751e8b465ee728b)
Start importing Assets/Artwork/Atlas/All_directions6.png using Guid(82fc6f8d5406a5a40aa96a88828b7ed5) Importer(815301076,1909f56bfc062723c751e8b465ee728b)  -> (artifact id: '58e1de439827ec4e2a51b0e728d5e9bf') in 0.013216 seconds 
  Import took 0.016400 seconds .

========================================================================
Received Import Request.
  Time since last request: 295.957610 seconds.
  path: Assets/Artwork/Atlas/All_directions2.png
  artifactKey: Guid(ceef9981571d9a347a353e016795384f) Importer(815301076,1909f56bfc062723c751e8b465ee728b)
Start importing Assets/Artwork/Atlas/All_directions2.png using Guid(ceef9981571d9a347a353e016795384f) Importer(815301076,1909f56bfc062723c751e8b465ee728b)  -> (artifact id: '04539a776ae7244320137ee38f0084ed') in 0.060230 seconds 
  Import took 0.063927 seconds .

========================================================================
Received Import Request.
  Time since last request: 24.739771 seconds.
  path: Assets/Artwork/Atlas/All_directions3.png
  artifactKey: Guid(1790337658c7e3a4992ba105f5ae30e3) Importer(815301076,1909f56bfc062723c751e8b465ee728b)
Start importing Assets/Artwork/Atlas/All_directions3.png using Guid(1790337658c7e3a4992ba105f5ae30e3) Importer(815301076,1909f56bfc062723c751e8b465ee728b)  -> (artifact id: '90ef127b9b1526eeecc8e300cfa0658e') in 0.042775 seconds 
  Import took 0.046053 seconds .

========================================================================
Received Import Request.
  Time since last request: 13.337154 seconds.
  path: Assets/Artwork/Atlas/All_directions4.png
  artifactKey: Guid(10b89ea9ff91831498ab5d8c9e6dd06f) Importer(815301076,1909f56bfc062723c751e8b465ee728b)
Start importing Assets/Artwork/Atlas/All_directions4.png using Guid(10b89ea9ff91831498ab5d8c9e6dd06f) Importer(815301076,1909f56bfc062723c751e8b465ee728b)  -> (artifact id: '4edb95e425acb901f6fe010afd8cf844') in 0.024014 seconds 
  Import took 0.027252 seconds .

========================================================================
Received Import Request.
  Time since last request: 3.088480 seconds.
  path: Assets/Artwork/Atlas/All_directions5.png
  artifactKey: Guid(4a6e00432762e704eace554cf4ec4bfe) Importer(815301076,1909f56bfc062723c751e8b465ee728b)
Start importing Assets/Artwork/Atlas/All_directions5.png using Guid(4a6e00432762e704eace554cf4ec4bfe) Importer(815301076,1909f56bfc062723c751e8b465ee728b)  -> (artifact id: '77330c6472491fca4b15ca2878bad852') in 0.011642 seconds 
  Import took 0.014858 seconds .

========================================================================
Received Import Request.
  Time since last request: 6.058410 seconds.
  path: Assets/Artwork/Atlas/All_directions5.png
  artifactKey: Guid(4a6e00432762e704eace554cf4ec4bfe) Importer(815301076,1909f56bfc062723c751e8b465ee728b)
Start importing Assets/Artwork/Atlas/All_directions5.png using Guid(4a6e00432762e704eace554cf4ec4bfe) Importer(815301076,1909f56bfc062723c751e8b465ee728b)  -> (artifact id: 'cd137bbcfb3c050add41ff0b2f2850c6') in 0.051238 seconds 
  Import took 0.055105 seconds .

========================================================================
Received Import Request.
  Time since last request: 9.000995 seconds.
  path: Assets/Artwork/Atlas/All_directions6.png
  artifactKey: Guid(82fc6f8d5406a5a40aa96a88828b7ed5) Importer(815301076,1909f56bfc062723c751e8b465ee728b)
Start importing Assets/Artwork/Atlas/All_directions6.png using Guid(82fc6f8d5406a5a40aa96a88828b7ed5) Importer(815301076,1909f56bfc062723c751e8b465ee728b)  -> (artifact id: '4ac147984315c97614c09950d4c4e3ad') in 0.062123 seconds 
  Import took 0.065342 seconds .

========================================================================
Received Import Request.
  Time since last request: 6.026123 seconds.
  path: Assets/Artwork/Atlas/All_directions7.png
  artifactKey: Guid(73e178f0b63f80840b30c07c194fe93c) Importer(815301076,1909f56bfc062723c751e8b465ee728b)
Start importing Assets/Artwork/Atlas/All_directions7.png using Guid(73e178f0b63f80840b30c07c194fe93c) Importer(815301076,1909f56bfc062723c751e8b465ee728b)  -> (artifact id: '20a9e4c686cab6cc62e2b6f903924dbe') in 0.026596 seconds 
  Import took 0.030199 seconds .

========================================================================
Received Import Request.
  Time since last request: 7.916533 seconds.
  path: Assets/Artwork/Atlas/All_directions8.png
  artifactKey: Guid(d92eb50536709a7408f4203339705076) Importer(815301076,1909f56bfc062723c751e8b465ee728b)
Start importing Assets/Artwork/Atlas/All_directions8.png using Guid(d92eb50536709a7408f4203339705076) Importer(815301076,1909f56bfc062723c751e8b465ee728b)  -> (artifact id: '4010d08f168a542c2a1b8cf5f97bfd0e') in 0.053096 seconds 
  Import took 0.056758 seconds .

========================================================================
Received Import Request.
  Time since last request: 54.214139 seconds.
  path: Assets/Artwork/Atlas
  artifactKey: Guid(631fead081b52dd4b99576643de13bba) Importer(815301076,1909f56bfc062723c751e8b465ee728b)
Start importing Assets/Artwork/Atlas using Guid(631fead081b52dd4b99576643de13bba) Importer(815301076,1909f56bfc062723c751e8b465ee728b)  -> (artifact id: '79b5442ee01ef708d3448eefbaf40392') in 0.006977 seconds 
  Import took 0.012247 seconds .

========================================================================
Received Import Request.
  Time since last request: 10.048503 seconds.
  path: Assets/Artwork/Atlas/walk
  artifactKey: Guid(dbbd6e1c8228262478f15d397beee4f5) Importer(815301076,1909f56bfc062723c751e8b465ee728b)
Start importing Assets/Artwork/Atlas/walk using Guid(dbbd6e1c8228262478f15d397beee4f5) Importer(815301076,1909f56bfc062723c751e8b465ee728b)  -> (artifact id: 'afd83149883dee4c88e0e3d2cd7e6012') in 0.007509 seconds 
  Import took 0.010672 seconds .

========================================================================
Received Import Request.
  Time since last request: 22.211441 seconds.
  path: Assets/Artwork/Atlas/walk/walk-up
  artifactKey: Guid(250a6351d11e16c4fb639a499a7029f1) Importer(815301076,1909f56bfc062723c751e8b465ee728b)
Start importing Assets/Artwork/Atlas/walk/walk-up using Guid(250a6351d11e16c4fb639a499a7029f1) Importer(815301076,1909f56bfc062723c751e8b465ee728b)  -> (artifact id: '952e5ee3e75bae64b96ca4bcdaed9b99') in 0.006950 seconds 
  Import took 0.010694 seconds .

========================================================================
Received Import Request.
  Time since last request: 236.049781 seconds.
  path: Assets/Artwork/Animations
  artifactKey: Guid(b0d4f5eb4dd3c1a49ab39105d137a346) Importer(815301076,1909f56bfc062723c751e8b465ee728b)
Start importing Assets/Artwork/Animations using Guid(b0d4f5eb4dd3c1a49ab39105d137a346) Importer(815301076,1909f56bfc062723c751e8b465ee728b)  -> (artifact id: '5a420145486bc05d0783f32ca98be7cb') in 0.006656 seconds 
  Import took 0.009824 seconds .

========================================================================
Received Import Request.
  Time since last request: 25.659859 seconds.
  path: Assets/Artwork/Animations/Player_up.anim
  artifactKey: Guid(d114a41c13da98e4aa48a9a78565bfb3) Importer(815301076,1909f56bfc062723c751e8b465ee728b)
Start importing Assets/Artwork/Animations/Player_up.anim using Guid(d114a41c13da98e4aa48a9a78565bfb3) Importer(815301076,1909f56bfc062723c751e8b465ee728b)  -> (artifact id: '833e4595d20eddcd3e37d788760fcb7f') in 0.013292 seconds 
  Import took 0.016864 seconds .

========================================================================
Received Import Request.
  Time since last request: 224.111608 seconds.
  path: Assets/Artwork/Atlas/All_directions1.png
  artifactKey: Guid(fdce6ffda2b3efa42afb6b547b524725) Importer(815301076,1909f56bfc062723c751e8b465ee728b)
Start importing Assets/Artwork/Atlas/All_directions1.png using Guid(fdce6ffda2b3efa42afb6b547b524725) Importer(815301076,1909f56bfc062723c751e8b465ee728b)  -> (artifact id: 'a0efc054622786363a3c9d922b791a41') in 0.020908 seconds 
  Import took 0.024619 seconds .

========================================================================
Received Import Request.
  Time since last request: 532.035269 seconds.
  path: Assets/Animation.anim
  artifactKey: Guid(d9d27db64a902dd4b8f2a3c341950f81) Importer(815301076,1909f56bfc062723c751e8b465ee728b)
Start importing Assets/Animation.anim using Guid(d9d27db64a902dd4b8f2a3c341950f81) Importer(815301076,1909f56bfc062723c751e8b465ee728b)  -> (artifact id: '41d1594e1db18bd71502cd18a2b59da7') in 0.008411 seconds 
  Import took 0.012391 seconds .

========================================================================
Received Import Request.
  Time since last request: 3.989362 seconds.
  path: Assets/All_directions1_2.controller
  artifactKey: Guid(82b19749286f2c149b3cda9c0fca82a4) Importer(815301076,1909f56bfc062723c751e8b465ee728b)
Start importing Assets/All_directions1_2.controller using Guid(82b19749286f2c149b3cda9c0fca82a4) Importer(815301076,1909f56bfc062723c751e8b465ee728b)  -> (artifact id: '9ea4e8fdcd78a6227725d014475c7f47') in 0.009421 seconds 
  Import took 0.012641 seconds .

========================================================================
Received Import Request.
  Time since last request: 557.769017 seconds.
  path: Assets/Animations/Player.controller
  artifactKey: Guid(86775ad73ab8d494baae0d6970e6df1e) Importer(815301076,1909f56bfc062723c751e8b465ee728b)
Start importing Assets/Animations/Player.controller using Guid(86775ad73ab8d494baae0d6970e6df1e) Importer(815301076,1909f56bfc062723c751e8b465ee728b)  -> (artifact id: 'ba1f46d49641bcce1614d1dd931dad41') in 0.008759 seconds 
  Import took 0.012800 seconds .

========================================================================
Received Prepare
Registering precompiled user dll's ...
Registered in 0.005881 seconds.
Begin MonoManager ReloadAssembly
Native extension for WindowsStandalone target not found
Refreshing native plugins compatible for Editor in 0.52 ms, found 3 plugins.
Preloading 0 native plugins for Editor in 0.00 ms.
Mono: successfully reloaded assembly
- Completed reload, in  1.138 seconds
Domain Reload Profiling:
	ReloadAssembly (1139ms)
		BeginReloadAssembly (146ms)
			ExecutionOrderSort (0ms)
			DisableScriptedObjects (7ms)
			BackupInstance (0ms)
			ReleaseScriptingObjects (0ms)
			CreateAndSetChildDomain (53ms)
		EndReloadAssembly (917ms)
			LoadAssemblies (101ms)
			RebuildTransferFunctionScriptingTraits (0ms)
			SetupTypeCache (331ms)
			ReleaseScriptCaches (1ms)
			RebuildScriptCaches (43ms)
			SetupLoadedEditorAssemblies (331ms)
				LogAssemblyErrors (0ms)
				InitializePlatformSupportModulesInManaged (5ms)
				SetLoadedEditorAssemblies (0ms)
				RefreshPlugins (1ms)
				BeforeProcessingInitializeOnLoad (91ms)
				ProcessInitializeOnLoadAttributes (212ms)
				ProcessInitializeOnLoadMethodAttributes (12ms)
				AfterProcessingInitializeOnLoad (9ms)
				EditorAssembliesLoaded (0ms)
			ExecutionOrderSort2 (0ms)
			AwakeInstancesAfterBackupRestoration (10ms)
Platform modules already initialized, skipping
Refreshing native plugins compatible for Editor in 0.66 ms, found 3 plugins.
Preloading 0 native plugins for Editor in 0.00 ms.
Unloading 2173 Unused Serialized files (Serialized files now loaded: 0)
System memory in use before: 97.8 MB.
System memory in use after: 97.9 MB.

Unloading 17 unused Assets to reduce memory usage. Loaded Objects now: 2625.
Total: 3.619700 ms (FindLiveObjects: 0.235100 ms CreateObjectMapping: 0.049200 ms MarkObjects: 3.305900 ms  DeleteObjects: 0.027600 ms)

AssetImportParameters requested are different than current active one (requested -> active):
  custom:framework-win-MediaFoundation: 216162199b28c13a410421893ffa2e32 -> 
  custom:video-decoder-ogg-theora: a1e56fd34408186e4bbccfd4996cb3dc -> 
  custom:container-muxer-webm: aa71ff27fc2769a1b78a27578f13a17b -> 
  custom:container-demuxer-webm: 4f35f7cbe854078d1ac9338744f61a02 -> 
  custom:container-demuxer-ogg: 62fdf1f143b41e24485cea50d1cbac27 -> 
  custom:video-encoder-webm-vp8: eb34c28f22e8b96e1ab97ce403110664 -> 
  custom:video-decoder-webm-vp8: 9c59270c3fd7afecdb556c50c9e8de78 -> 
  custom:audio-decoder-ogg-vorbis: bf7c407c2cedff20999df2af8eb42d56 -> 
  custom:audio-encoder-webm-vorbis: bf7c407c2cedff20999df2af8eb42d56 -> 
========================================================================
Received Prepare
Registering precompiled user dll's ...
Registered in 0.005614 seconds.
Begin MonoManager ReloadAssembly
Native extension for WindowsStandalone target not found
Refreshing native plugins compatible for Editor in 0.52 ms, found 3 plugins.
Preloading 0 native plugins for Editor in 0.00 ms.
Mono: successfully reloaded assembly
- Completed reload, in  1.049 seconds
Domain Reload Profiling:
	ReloadAssembly (1050ms)
		BeginReloadAssembly (121ms)
			ExecutionOrderSort (0ms)
			DisableScriptedObjects (7ms)
			BackupInstance (0ms)
			ReleaseScriptingObjects (0ms)
			CreateAndSetChildDomain (34ms)
		EndReloadAssembly (859ms)
			LoadAssemblies (95ms)
			RebuildTransferFunctionScriptingTraits (0ms)
			SetupTypeCache (291ms)
			ReleaseScriptCaches (1ms)
			RebuildScriptCaches (43ms)
			SetupLoadedEditorAssemblies (328ms)
				LogAssemblyErrors (0ms)
				InitializePlatformSupportModulesInManaged (5ms)
				SetLoadedEditorAssemblies (0ms)
				RefreshPlugins (1ms)
				BeforeProcessingInitializeOnLoad (94ms)
				ProcessInitializeOnLoadAttributes (207ms)
				ProcessInitializeOnLoadMethodAttributes (12ms)
				AfterProcessingInitializeOnLoad (9ms)
				EditorAssembliesLoaded (0ms)
			ExecutionOrderSort2 (0ms)
			AwakeInstancesAfterBackupRestoration (10ms)
Platform modules already initialized, skipping
Refreshing native plugins compatible for Editor in 0.54 ms, found 3 plugins.
Preloading 0 native plugins for Editor in 0.00 ms.
Unloading 2173 Unused Serialized files (Serialized files now loaded: 0)
System memory in use before: 97.8 MB.
System memory in use after: 98.0 MB.

Unloading 17 unused Assets to reduce memory usage. Loaded Objects now: 2627.
Total: 3.328900 ms (FindLiveObjects: 0.207800 ms CreateObjectMapping: 0.048800 ms MarkObjects: 3.052200 ms  DeleteObjects: 0.019100 ms)

AssetImportParameters requested are different than current active one (requested -> active):
  custom:framework-win-MediaFoundation: 216162199b28c13a410421893ffa2e32 -> 
  custom:video-decoder-ogg-theora: a1e56fd34408186e4bbccfd4996cb3dc -> 
  custom:container-muxer-webm: aa71ff27fc2769a1b78a27578f13a17b -> 
  custom:container-demuxer-webm: 4f35f7cbe854078d1ac9338744f61a02 -> 
  custom:container-demuxer-ogg: 62fdf1f143b41e24485cea50d1cbac27 -> 
  custom:video-encoder-webm-vp8: eb34c28f22e8b96e1ab97ce403110664 -> 
  custom:video-decoder-webm-vp8: 9c59270c3fd7afecdb556c50c9e8de78 -> 
  custom:audio-decoder-ogg-vorbis: bf7c407c2cedff20999df2af8eb42d56 -> 
  custom:audio-encoder-webm-vorbis: bf7c407c2cedff20999df2af8eb42d56 -> 
========================================================================
Received Prepare
Registering precompiled user dll's ...
Registered in 0.005467 seconds.
Begin MonoManager ReloadAssembly
Native extension for WindowsStandalone target not found
Refreshing native plugins compatible for Editor in 0.53 ms, found 3 plugins.
Preloading 0 native plugins for Editor in 0.00 ms.
Mono: successfully reloaded assembly
- Completed reload, in  1.057 seconds
Domain Reload Profiling:
	ReloadAssembly (1058ms)
		BeginReloadAssembly (122ms)
			ExecutionOrderSort (0ms)
			DisableScriptedObjects (6ms)
			BackupInstance (0ms)
			ReleaseScriptingObjects (0ms)
			CreateAndSetChildDomain (34ms)
		EndReloadAssembly (863ms)
			LoadAssemblies (94ms)
			RebuildTransferFunctionScriptingTraits (0ms)
			SetupTypeCache (295ms)
			ReleaseScriptCaches (1ms)
			RebuildScriptCaches (42ms)
			SetupLoadedEditorAssemblies (321ms)
				LogAssemblyErrors (0ms)
				InitializePlatformSupportModulesInManaged (5ms)
				SetLoadedEditorAssemblies (0ms)
				RefreshPlugins (1ms)
				BeforeProcessingInitializeOnLoad (93ms)
				ProcessInitializeOnLoadAttributes (202ms)
				ProcessInitializeOnLoadMethodAttributes (11ms)
				AfterProcessingInitializeOnLoad (9ms)
				EditorAssembliesLoaded (0ms)
			ExecutionOrderSort2 (0ms)
			AwakeInstancesAfterBackupRestoration (9ms)
Platform modules already initialized, skipping
Refreshing native plugins compatible for Editor in 0.52 ms, found 3 plugins.
Preloading 0 native plugins for Editor in 0.00 ms.
Unloading 2173 Unused Serialized files (Serialized files now loaded: 0)
System memory in use before: 97.9 MB.
System memory in use after: 98.0 MB.

Unloading 17 unused Assets to reduce memory usage. Loaded Objects now: 2629.
Total: 3.388200 ms (FindLiveObjects: 0.236000 ms CreateObjectMapping: 0.052700 ms MarkObjects: 3.076200 ms  DeleteObjects: 0.022300 ms)

AssetImportParameters requested are different than current active one (requested -> active):
  custom:framework-win-MediaFoundation: 216162199b28c13a410421893ffa2e32 -> 
  custom:video-decoder-ogg-theora: a1e56fd34408186e4bbccfd4996cb3dc -> 
  custom:container-muxer-webm: aa71ff27fc2769a1b78a27578f13a17b -> 
  custom:container-demuxer-webm: 4f35f7cbe854078d1ac9338744f61a02 -> 
  custom:container-demuxer-ogg: 62fdf1f143b41e24485cea50d1cbac27 -> 
  custom:video-encoder-webm-vp8: eb34c28f22e8b96e1ab97ce403110664 -> 
  custom:video-decoder-webm-vp8: 9c59270c3fd7afecdb556c50c9e8de78 -> 
  custom:audio-decoder-ogg-vorbis: bf7c407c2cedff20999df2af8eb42d56 -> 
  custom:audio-encoder-webm-vorbis: bf7c407c2cedff20999df2af8eb42d56 -> 
========================================================================
Received Prepare
Registering precompiled user dll's ...
Registered in 0.005539 seconds.
Begin MonoManager ReloadAssembly
Native extension for WindowsStandalone target not found
Refreshing native plugins compatible for Editor in 0.51 ms, found 3 plugins.
Preloading 0 native plugins for Editor in 0.00 ms.
Mono: successfully reloaded assembly
- Completed reload, in  1.038 seconds
Domain Reload Profiling:
	ReloadAssembly (1039ms)
		BeginReloadAssembly (115ms)
			ExecutionOrderSort (0ms)
			DisableScriptedObjects (6ms)
			BackupInstance (0ms)
			ReleaseScriptingObjects (0ms)
			CreateAndSetChildDomain (34ms)
		EndReloadAssembly (849ms)
			LoadAssemblies (93ms)
			RebuildTransferFunctionScriptingTraits (0ms)
			SetupTypeCache (290ms)
			ReleaseScriptCaches (1ms)
			RebuildScriptCaches (48ms)
			SetupLoadedEditorAssemblies (310ms)
				LogAssemblyErrors (0ms)
				InitializePlatformSupportModulesInManaged (5ms)
				SetLoadedEditorAssemblies (0ms)
				RefreshPlugins (1ms)
				BeforeProcessingInitializeOnLoad (89ms)
				ProcessInitializeOnLoadAttributes (195ms)
				ProcessInitializeOnLoadMethodAttributes (11ms)
				AfterProcessingInitializeOnLoad (9ms)
				EditorAssembliesLoaded (0ms)
			ExecutionOrderSort2 (0ms)
			AwakeInstancesAfterBackupRestoration (9ms)
Platform modules already initialized, skipping
Refreshing native plugins compatible for Editor in 0.50 ms, found 3 plugins.
Preloading 0 native plugins for Editor in 0.00 ms.
Unloading 2173 Unused Serialized files (Serialized files now loaded: 0)
System memory in use before: 97.9 MB.
System memory in use after: 98.0 MB.

Unloading 17 unused Assets to reduce memory usage. Loaded Objects now: 2631.
Total: 3.157300 ms (FindLiveObjects: 0.205800 ms CreateObjectMapping: 0.048800 ms MarkObjects: 2.882700 ms  DeleteObjects: 0.018600 ms)

AssetImportParameters requested are different than current active one (requested -> active):
  custom:framework-win-MediaFoundation: 216162199b28c13a410421893ffa2e32 -> 
  custom:video-decoder-ogg-theora: a1e56fd34408186e4bbccfd4996cb3dc -> 
  custom:container-muxer-webm: aa71ff27fc2769a1b78a27578f13a17b -> 
  custom:container-demuxer-webm: 4f35f7cbe854078d1ac9338744f61a02 -> 
  custom:container-demuxer-ogg: 62fdf1f143b41e24485cea50d1cbac27 -> 
  custom:video-encoder-webm-vp8: eb34c28f22e8b96e1ab97ce403110664 -> 
  custom:video-decoder-webm-vp8: 9c59270c3fd7afecdb556c50c9e8de78 -> 
  custom:audio-decoder-ogg-vorbis: bf7c407c2cedff20999df2af8eb42d56 -> 
  custom:audio-encoder-webm-vorbis: bf7c407c2cedff20999df2af8eb42d56 -> 
AssetImportWorkerClient::OnTransportError - code=2 error=End of file
